<?xml version="1.0" encoding="utf-8"?><testsuites><testsuite name="pytest" errors="0" failures="0" skipped="0" tests="7" time="4.106" timestamp="2025-02-09T18:35:00.018945" hostname="MacBookPro"><testcase classname="tests.unit.test_main" name="test_check_rate_limits_no_api_key" time="0.002" /><testcase classname="tests.unit.test_main" name="test_main_parser" time="2.366" /><testcase classname="tests.unit.test_main" name="test_path_manager" time="0.003" /><testcase classname="tests.unit.test_package_version_exists" name="test_package_version_exists" time="0.002" /><testcase classname="tests.unit.test_path_manager" name="test_path_manager" time="0.002" /><testcase classname="tests.unit.test_path_manager" name="test_path_manager_with_output" time="0.002" /><testcase classname="tests.unit.test_path_manager" name="test_ensure_directories" time="0.004" /></testsuite></testsuites>