<?xml version="1.0" encoding="utf-8"?><testsuites><testsuite name="pytest" errors="0" failures="0" skipped="1" tests="8" time="8.282" timestamp="2025-02-09T23:19:37.104598" hostname="MacBookPro"><testcase classname="tests.unit.test_main" name="test_check_rate_limits_no_api_key" time="0.003" /><testcase classname="tests.unit.test_main" name="test_main_testing_mode" time="0.418" /><testcase classname="tests.unit.test_main" name="test_main_gui_mode" time="0.000"><skipped type="pytest.skip" message="GUI tests need special handling">/Users/jwh/Code/slidemob/tests/unit/test_main.py:21: GUI tests need special handling</skipped></testcase><testcase classname="tests.unit.test_main" name="test_path_manager" time="0.001" /><testcase classname="tests.unit.test_package_version_exists" name="test_package_version_exists" time="0.001" /><testcase classname="tests.unit.test_path_manager" name="test_path_manager" time="0.005" /><testcase classname="tests.unit.test_path_manager" name="test_path_manager_with_output" time="0.002" /><testcase classname="tests.unit.test_path_manager" name="test_ensure_directories" time="0.006" /></testsuite></testsuites>